<?xml version="1.0" encoding="UTF-8"?><testsuite errors="0" failures="0" name="com.studentapp.junit.Feature2.StudentsCRUDWithStepsTest" skipped="0" tests="4" time="1.49" timestamp="2021-01-11 10:56:36"><testcase classname="com.studentapp.junit.Feature2.StudentsCRUDWithStepsTest" name="Create a New Student"/><testcase classname="com.studentapp.junit.Feature2.StudentsCRUDWithStepsTest" name="Verify New Student is Created"/><testcase classname="com.studentapp.junit.Feature2.StudentsCRUDWithStepsTest" name="Update the Student Name and Verify"/><testcase classname="com.studentapp.junit.Feature2.StudentsCRUDWithStepsTest" name="Delete the Student and Verify"/></testsuite>