<?xml version="1.0" encoding="UTF-8"?><testsuite errors="0" failures="0" name="com.studentapp.junit.Feature1.StudentsCRUDTest" skipped="0" tests="4" time="2.19" timestamp="2021-01-11 10:56:34"><testcase classname="com.studentapp.junit.Feature1.StudentsCRUDTest" name="Create a New Student"/><testcase classname="com.studentapp.junit.Feature1.StudentsCRUDTest" name="Verify New Student is Created"/><testcase classname="com.studentapp.junit.Feature1.StudentsCRUDTest" name="Update the Student Name and Verify"/><testcase classname="com.studentapp.junit.Feature1.StudentsCRUDTest" name="Delete the Student and Verify"/></testsuite>